<?xml version="1.0" encoding="UTF-8"?>
<coverage generated="1629151325562" clover="3.2.0">
  <project timestamp="1629151325562" name="All files">
    <metrics statements="64" coveredstatements="64" conditionals="4" coveredconditionals="4" methods="15" coveredmethods="15" elements="83" coveredelements="83" complexity="0" loc="64" ncloc="64" packages="5" files="10" classes="10"/>
    <package name="commands">
      <metrics statements="20" coveredstatements="20" conditionals="0" coveredconditionals="0" methods="8" coveredmethods="8"/>
      <file name="greetCommand.ts" path="/Users/davidcrawford/Documents/bravo-discord-bot/src/commands/greetCommand.ts">
        <metrics statements="5" coveredstatements="5" conditionals="0" coveredconditionals="0" methods="2" coveredmethods="2"/>
        <line num="3" count="1" type="stmt"/>
        <line num="5" count="1" type="stmt"/>
        <line num="6" count="4" type="stmt"/>
        <line num="9" count="3" type="stmt"/>
        <line num="13" count="1" type="stmt"/>
      </file>
      <file name="helpCommand.ts" path="/Users/davidcrawford/Documents/bravo-discord-bot/src/commands/helpCommand.ts">
        <metrics statements="5" coveredstatements="5" conditionals="0" coveredconditionals="0" methods="2" coveredmethods="2"/>
        <line num="3" count="1" type="stmt"/>
        <line num="5" count="1" type="stmt"/>
        <line num="6" count="4" type="stmt"/>
        <line num="9" count="3" type="stmt"/>
        <line num="13" count="1" type="stmt"/>
      </file>
      <file name="jobsCommand.ts" path="/Users/davidcrawford/Documents/bravo-discord-bot/src/commands/jobsCommand.ts">
        <metrics statements="5" coveredstatements="5" conditionals="0" coveredconditionals="0" methods="2" coveredmethods="2"/>
        <line num="3" count="1" type="stmt"/>
        <line num="5" count="1" type="stmt"/>
        <line num="6" count="5" type="stmt"/>
        <line num="9" count="3" type="stmt"/>
        <line num="13" count="1" type="stmt"/>
      </file>
      <file name="puppyCommand.ts" path="/Users/davidcrawford/Documents/bravo-discord-bot/src/commands/puppyCommand.ts">
        <metrics statements="5" coveredstatements="5" conditionals="0" coveredconditionals="0" methods="2" coveredmethods="2"/>
        <line num="3" count="1" type="stmt"/>
        <line num="5" count="1" type="stmt"/>
        <line num="6" count="4" type="stmt"/>
        <line num="9" count="3" type="stmt"/>
        <line num="13" count="1" type="stmt"/>
      </file>
    </package>
    <package name="commands.greet">
      <metrics statements="4" coveredstatements="4" conditionals="0" coveredconditionals="0" methods="1" coveredmethods="1"/>
      <file name="randomGreeting.ts" path="/Users/davidcrawford/Documents/bravo-discord-bot/src/commands/greet/randomGreeting.ts">
        <metrics statements="4" coveredstatements="4" conditionals="0" coveredconditionals="0" methods="1" coveredmethods="1"/>
        <line num="1" count="1" type="stmt"/>
        <line num="2" count="2" type="stmt"/>
        <line num="3" count="2" type="stmt"/>
        <line num="4" count="2" type="stmt"/>
      </file>
    </package>
    <package name="commands.help">
      <metrics statements="12" coveredstatements="12" conditionals="0" coveredconditionals="0" methods="1" coveredmethods="1"/>
      <file name="generateHelpMessage.ts" path="/Users/davidcrawford/Documents/bravo-discord-bot/src/commands/help/generateHelpMessage.ts">
        <metrics statements="12" coveredstatements="12" conditionals="0" coveredconditionals="0" methods="1" coveredmethods="1"/>
        <line num="1" count="1" type="stmt"/>
        <line num="2" count="1" type="stmt"/>
        <line num="3" count="1" type="stmt"/>
        <line num="4" count="1" type="stmt"/>
        <line num="6" count="1" type="stmt"/>
        <line num="7" count="2" type="stmt"/>
        <line num="8" count="2" type="stmt"/>
        <line num="9" count="2" type="stmt"/>
        <line num="10" count="2" type="stmt"/>
        <line num="11" count="2" type="stmt"/>
        <line num="12" count="2" type="stmt"/>
        <line num="13" count="2" type="stmt"/>
      </file>
    </package>
    <package name="commands.jobs">
      <metrics statements="21" coveredstatements="21" conditionals="4" coveredconditionals="4" methods="4" coveredmethods="4"/>
      <file name="getJobs.ts" path="/Users/davidcrawford/Documents/bravo-discord-bot/src/commands/jobs/getJobs.ts">
        <metrics statements="18" coveredstatements="18" conditionals="2" coveredconditionals="2" methods="3" coveredmethods="3"/>
        <line num="1" count="1" type="stmt"/>
        <line num="3" count="1" type="stmt"/>
        <line num="4" count="3" type="stmt"/>
        <line num="5" count="3" type="stmt"/>
        <line num="6" count="3" type="stmt"/>
        <line num="8" count="3" type="stmt"/>
        <line num="10" count="3" type="stmt"/>
        <line num="11" count="3" type="stmt"/>
        <line num="12" count="3" type="stmt"/>
        <line num="13" count="3" type="stmt"/>
        <line num="14" count="3" type="stmt"/>
        <line num="16" count="3" type="stmt"/>
        <line num="17" count="2" type="stmt"/>
        <line num="19" count="3" type="cond" truecount="2" falsecount="0"/>
        <line num="20" count="1" type="stmt"/>
        <line num="22" count="2" type="stmt"/>
        <line num="24" count="3" type="stmt"/>
        <line num="26" count="3" type="stmt"/>
      </file>
      <file name="isJobLink.ts" path="/Users/davidcrawford/Documents/bravo-discord-bot/src/commands/jobs/isJobLink.ts">
        <metrics statements="3" coveredstatements="3" conditionals="2" coveredconditionals="2" methods="1" coveredmethods="1"/>
        <line num="6" count="1" type="stmt"/>
        <line num="7" count="5" type="cond" truecount="2" falsecount="0"/>
        <line num="8" count="4" type="stmt"/>
      </file>
    </package>
    <package name="commands.puppies">
      <metrics statements="7" coveredstatements="7" conditionals="0" coveredconditionals="0" methods="1" coveredmethods="1"/>
      <file name="getRandomPuppy.ts" path="/Users/davidcrawford/Documents/bravo-discord-bot/src/commands/puppies/getRandomPuppy.ts">
        <metrics statements="6" coveredstatements="6" conditionals="0" coveredconditionals="0" methods="1" coveredmethods="1"/>
        <line num="1" count="1" type="stmt"/>
        <line num="3" count="1" type="stmt"/>
        <line num="4" count="2" type="stmt"/>
        <line num="5" count="2" type="stmt"/>
        <line num="6" count="2" type="stmt"/>
        <line num="7" count="2" type="stmt"/>
      </file>
      <file name="puppyIds.ts" path="/Users/davidcrawford/Documents/bravo-discord-bot/src/commands/puppies/puppyIds.ts">
        <metrics statements="1" coveredstatements="1" conditionals="0" coveredconditionals="0" methods="0" coveredmethods="0"/>
        <line num="1" count="1" type="stmt"/>
      </file>
    </package>
  </project>
</coverage>
