<?xml version="1.0" encoding="UTF-8"?>
<coverage generated="1629128255928" clover="3.2.0">
  <project timestamp="1629128255929" name="All files">
    <metrics statements="25" coveredstatements="6" conditionals="6" coveredconditionals="2" methods="6" coveredmethods="1" elements="37" coveredelements="9" complexity="0" loc="25" ncloc="25" packages="1" files="1" classes="1"/>
    <file name="jobsCommand.ts" path="/Users/davidcrawford/Documents/bravo-discord-bot/src/commands/jobsCommand.ts">
      <metrics statements="25" coveredstatements="6" conditionals="6" coveredconditionals="2" methods="6" coveredmethods="1"/>
      <line num="4" count="1" type="stmt"/>
      <line num="5" count="0" type="stmt"/>
      <line num="8" count="0" type="stmt"/>
      <line num="12" count="0" type="stmt"/>
      <line num="21" count="1" type="stmt"/>
      <line num="22" count="2" type="cond" truecount="1" falsecount="1"/>
      <line num="23" count="2" type="cond" truecount="1" falsecount="1"/>
      <line num="24" count="2" type="stmt"/>
      <line num="27" count="1" type="stmt"/>
      <line num="28" count="0" type="stmt"/>
      <line num="29" count="0" type="stmt"/>
      <line num="30" count="0" type="stmt"/>
      <line num="32" count="0" type="stmt"/>
      <line num="34" count="0" type="stmt"/>
      <line num="35" count="0" type="stmt"/>
      <line num="36" count="0" type="stmt"/>
      <line num="37" count="0" type="stmt"/>
      <line num="38" count="0" type="stmt"/>
      <line num="40" count="0" type="stmt"/>
      <line num="41" count="0" type="stmt"/>
      <line num="43" count="0" type="cond" truecount="0" falsecount="2"/>
      <line num="44" count="0" type="stmt"/>
      <line num="46" count="0" type="stmt"/>
      <line num="48" count="0" type="stmt"/>
      <line num="50" count="0" type="stmt"/>
    </file>
  </project>
</coverage>
