{"/Users/davidcrawford/Documents/bravo-discord-bot/src/commands/jobsCommand.ts": {"path":"/Users/davidcrawford/Documents/bravo-discord-bot/src/commands/jobsCommand.ts","statementMap":{"0":{"start":{"line":3,"column":0},"end":{"line":3,"column":41}},"1":{"start":{"line":6,"column":19},"end":{"line":6,"column":34}},"2":{"start":{"line":9,"column":8},"end":{"line":9,"column":99}},"3":{"start":{"line":13,"column":8},"end":{"line":13,"column":null}},"4":{"start":{"line":5,"column":0},"end":{"line":5,"column":13}}},"fnMap":{"0":{"name":"(anonymous_0)","decl":{"start":{"line":8,"column":4},"end":{"line":8,"column":8}},"loc":{"start":{"line":8,"column":30},"end":{"line":10,"column":5}}},"1":{"name":"(anonymous_1)","decl":{"start":{"line":12,"column":4},"end":{"line":12,"column":9}},"loc":{"start":{"line":12,"column":30},"end":{"line":14,"column":5}}}},"branchMap":{},"s":{"0":1,"1":3,"2":1,"3":1,"4":1},"f":{"0":1,"1":1},"b":{}}
,"/Users/davidcrawford/Documents/bravo-discord-bot/src/commands/jobs/getJobs.ts": {"path":"/Users/davidcrawford/Documents/bravo-discord-bot/src/commands/jobs/getJobs.ts","statementMap":{"0":{"start":{"line":1,"column":0},"end":{"line":1,"column":40}},"1":{"start":{"line":3,"column":23},"end":{"line":27,"column":1}},"2":{"start":{"line":4,"column":16},"end":{"line":4,"column":30}},"3":{"start":{"line":5,"column":18},"end":{"line":5,"column":34}},"4":{"start":{"line":6,"column":22},"end":{"line":6,"column":27}},"5":{"start":{"line":8,"column":16},"end":{"line":8,"column":49}},"6":{"start":{"line":10,"column":19},"end":{"line":25,"column":5}},"7":{"start":{"line":11,"column":28},"end":{"line":11,"column":30}},"8":{"start":{"line":12,"column":25},"end":{"line":12,"column":39}},"9":{"start":{"line":13,"column":20},"end":{"line":13,"column":44}},"10":{"start":{"line":14,"column":25},"end":{"line":14,"column":89}},"11":{"start":{"line":16,"column":8},"end":{"line":18,"column":11}},"12":{"start":{"line":17,"column":12},"end":{"line":17,"column":68}},"13":{"start":{"line":19,"column":8},"end":{"line":23,"column":null}},"14":{"start":{"line":20,"column":12},"end":{"line":20,"column":84}},"15":{"start":{"line":22,"column":12},"end":{"line":22,"column":124}},"16":{"start":{"line":24,"column":8},"end":{"line":24,"column":29}},"17":{"start":{"line":26,"column":4},"end":{"line":26,"column":20}},"18":{"start":{"line":3,"column":13},"end":{"line":3,"column":23}}},"fnMap":{"0":{"name":"(anonymous_0)","decl":{"start":{"line":3,"column":23},"end":{"line":3,"column":28}},"loc":{"start":{"line":3,"column":34},"end":{"line":27,"column":1}}},"1":{"name":"(anonymous_1)","decl":{"start":{"line":10,"column":19},"end":{"line":10,"column":24}},"loc":{"start":{"line":10,"column":30},"end":{"line":25,"column":5}}},"2":{"name":"(anonymous_2)","decl":{"start":{"line":16,"column":25},"end":{"line":16,"column":29}},"loc":{"start":{"line":16,"column":32},"end":{"line":18,"column":9}}}},"branchMap":{"0":{"loc":{"start":{"line":19,"column":8},"end":{"line":23,"column":null}},"type":"if","locations":[{"start":{"line":19,"column":8},"end":{"line":23,"column":null}},{"start":{"line":19,"column":8},"end":{"line":23,"column":null}}]}},"s":{"0":1,"1":1,"2":3,"3":3,"4":3,"5":3,"6":3,"7":3,"8":3,"9":3,"10":3,"11":3,"12":2,"13":3,"14":1,"15":2,"16":3,"17":3,"18":1},"f":{"0":3,"1":3,"2":2},"b":{"0":[1,2]}}
,"/Users/davidcrawford/Documents/bravo-discord-bot/src/commands/jobs/isJobLink.ts": {"path":"/Users/davidcrawford/Documents/bravo-discord-bot/src/commands/jobs/isJobLink.ts","statementMap":{"0":{"start":{"line":6,"column":25},"end":{"line":9,"column":1}},"1":{"start":{"line":7,"column":4},"end":{"line":7,"column":null}},"2":{"start":{"line":7,"column":40},"end":{"line":7,"column":54}},"3":{"start":{"line":8,"column":4},"end":{"line":8,"column":38}},"4":{"start":{"line":6,"column":13},"end":{"line":6,"column":25}}},"fnMap":{"0":{"name":"(anonymous_0)","decl":{"start":{"line":6,"column":25},"end":{"line":6,"column":26}},"loc":{"start":{"line":6,"column":41},"end":{"line":9,"column":1}}}},"branchMap":{"0":{"loc":{"start":{"line":7,"column":4},"end":{"line":7,"column":null}},"type":"if","locations":[{"start":{"line":7,"column":4},"end":{"line":7,"column":null}},{"start":{"line":7,"column":4},"end":{"line":7,"column":null}}]}},"s":{"0":1,"1":5,"2":1,"3":4,"4":1},"f":{"0":5},"b":{"0":[1,4]}}
}
