{"/Users/davidcrawford/Documents/bravo-discord-bot/src/commands/greetCommand.ts": {"path":"/Users/davidcrawford/Documents/bravo-discord-bot/src/commands/greetCommand.ts","statementMap":{"0":{"start":{"line":3,"column":0},"end":{"line":3,"column":56}},"1":{"start":{"line":6,"column":17},"end":{"line":6,"column":35}},"2":{"start":{"line":9,"column":4},"end":{"line":9,"column":57}},"3":{"start":{"line":13,"column":4},"end":{"line":13,"column":42}},"4":{"start":{"line":5,"column":0},"end":{"line":5,"column":13}}},"fnMap":{"0":{"name":"(anonymous_0)","decl":{"start":{"line":8,"column":2},"end":{"line":8,"column":6}},"loc":{"start":{"line":8,"column":28},"end":{"line":10,"column":3}}},"1":{"name":"(anonymous_1)","decl":{"start":{"line":12,"column":2},"end":{"line":12,"column":7}},"loc":{"start":{"line":12,"column":28},"end":{"line":14,"column":3}}}},"branchMap":{},"s":{"0":1,"1":4,"2":3,"3":1,"4":1},"f":{"0":3,"1":1},"b":{}}
,"/Users/davidcrawford/Documents/bravo-discord-bot/src/commands/helpCommand.ts": {"path":"/Users/davidcrawford/Documents/bravo-discord-bot/src/commands/helpCommand.ts","statementMap":{"0":{"start":{"line":3,"column":0},"end":{"line":3,"column":65}},"1":{"start":{"line":6,"column":19},"end":{"line":6,"column":27}},"2":{"start":{"line":9,"column":8},"end":{"line":9,"column":110}},"3":{"start":{"line":13,"column":8},"end":{"line":13,"column":null}},"4":{"start":{"line":5,"column":0},"end":{"line":5,"column":13}}},"fnMap":{"0":{"name":"(anonymous_0)","decl":{"start":{"line":8,"column":4},"end":{"line":8,"column":8}},"loc":{"start":{"line":8,"column":30},"end":{"line":10,"column":5}}},"1":{"name":"(anonymous_1)","decl":{"start":{"line":12,"column":4},"end":{"line":12,"column":9}},"loc":{"start":{"line":12,"column":30},"end":{"line":14,"column":5}}}},"branchMap":{},"s":{"0":1,"1":4,"2":3,"3":1,"4":1},"f":{"0":3,"1":1},"b":{}}
,"/Users/davidcrawford/Documents/bravo-discord-bot/src/commands/jobsCommand.ts": {"path":"/Users/davidcrawford/Documents/bravo-discord-bot/src/commands/jobsCommand.ts","statementMap":{"0":{"start":{"line":3,"column":0},"end":{"line":3,"column":51}},"1":{"start":{"line":4,"column":0},"end":{"line":4,"column":56}},"2":{"start":{"line":5,"column":0},"end":{"line":5,"column":40}},"3":{"start":{"line":8,"column":19},"end":{"line":8,"column":34}},"4":{"start":{"line":11,"column":8},"end":{"line":11,"column":156}},"5":{"start":{"line":15,"column":30},"end":{"line":15,"column":71}},"6":{"start":{"line":16,"column":32},"end":{"line":16,"column":34}},"7":{"start":{"line":17,"column":8},"end":{"line":19,"column":null}},"8":{"start":{"line":18,"column":12},"end":{"line":18,"column":null}},"9":{"start":{"line":20,"column":8},"end":{"line":20,"column":null}},"10":{"start":{"line":7,"column":0},"end":{"line":7,"column":13}}},"fnMap":{"0":{"name":"(anonymous_1)","decl":{"start":{"line":10,"column":4},"end":{"line":10,"column":8}},"loc":{"start":{"line":10,"column":30},"end":{"line":12,"column":5}}},"1":{"name":"(anonymous_2)","decl":{"start":{"line":14,"column":4},"end":{"line":14,"column":9}},"loc":{"start":{"line":14,"column":30},"end":{"line":21,"column":5}}}},"branchMap":{"0":{"loc":{"start":{"line":17,"column":8},"end":{"line":19,"column":null}},"type":"if","locations":[{"start":{"line":17,"column":8},"end":{"line":19,"column":null}},{"start":{"line":17,"column":8},"end":{"line":19,"column":null}}]}},"s":{"0":1,"1":1,"2":1,"3":5,"4":3,"5":3,"6":3,"7":3,"8":1,"9":3,"10":1},"f":{"0":3,"1":3},"b":{"0":[1,2]}}
,"/Users/davidcrawford/Documents/bravo-discord-bot/src/commands/puppyCommand.ts": {"path":"/Users/davidcrawford/Documents/bravo-discord-bot/src/commands/puppyCommand.ts","statementMap":{"0":{"start":{"line":3,"column":0},"end":{"line":3,"column":58}},"1":{"start":{"line":6,"column":19},"end":{"line":6,"column":39}},"2":{"start":{"line":9,"column":8},"end":{"line":9,"column":85}},"3":{"start":{"line":13,"column":8},"end":{"line":13,"column":null}},"4":{"start":{"line":5,"column":0},"end":{"line":5,"column":13}}},"fnMap":{"0":{"name":"(anonymous_0)","decl":{"start":{"line":8,"column":4},"end":{"line":8,"column":8}},"loc":{"start":{"line":8,"column":30},"end":{"line":10,"column":5}}},"1":{"name":"(anonymous_1)","decl":{"start":{"line":12,"column":4},"end":{"line":12,"column":9}},"loc":{"start":{"line":12,"column":30},"end":{"line":14,"column":5}}}},"branchMap":{},"s":{"0":1,"1":4,"2":3,"3":1,"4":1},"f":{"0":3,"1":1},"b":{}}
,"/Users/davidcrawford/Documents/bravo-discord-bot/src/commands/windowCommand.ts": {"path":"/Users/davidcrawford/Documents/bravo-discord-bot/src/commands/windowCommand.ts","statementMap":{"0":{"start":{"line":5,"column":19},"end":{"line":5,"column":27}},"1":{"start":{"line":8,"column":8},"end":{"line":8,"column":18}},"2":{"start":{"line":12,"column":8},"end":{"line":12,"column":null}},"3":{"start":{"line":4,"column":0},"end":{"line":4,"column":13}},"4":{"start":{"line":16,"column":24},"end":{"line":18,"column":1}},"5":{"start":{"line":17,"column":4},"end":{"line":17,"column":null}},"6":{"start":{"line":16,"column":13},"end":{"line":16,"column":24}}},"fnMap":{"0":{"name":"(anonymous_0)","decl":{"start":{"line":7,"column":4},"end":{"line":7,"column":8}},"loc":{"start":{"line":7,"column":31},"end":{"line":9,"column":5}}},"1":{"name":"(anonymous_1)","decl":{"start":{"line":11,"column":4},"end":{"line":11,"column":9}},"loc":{"start":{"line":11,"column":30},"end":{"line":13,"column":5}}},"2":{"name":"(anonymous_2)","decl":{"start":{"line":16,"column":24},"end":{"line":16,"column":27}},"loc":{"start":{"line":16,"column":29},"end":{"line":18,"column":1}}}},"branchMap":{},"s":{"0":2,"1":1,"2":1,"3":1,"4":1,"5":2,"6":1},"f":{"0":1,"1":1,"2":2},"b":{}}
,"/Users/davidcrawford/Documents/bravo-discord-bot/src/commands/greet/randomGreeting.ts": {"path":"/Users/davidcrawford/Documents/bravo-discord-bot/src/commands/greet/randomGreeting.ts","statementMap":{"0":{"start":{"line":1,"column":30},"end":{"line":5,"column":1}},"1":{"start":{"line":2,"column":20},"end":{"line":2,"column":92}},"2":{"start":{"line":3,"column":14},"end":{"line":3,"column":56}},"3":{"start":{"line":4,"column":4},"end":{"line":4,"column":null}},"4":{"start":{"line":1,"column":13},"end":{"line":1,"column":30}}},"fnMap":{"0":{"name":"(anonymous_0)","decl":{"start":{"line":1,"column":30},"end":{"line":1,"column":33}},"loc":{"start":{"line":1,"column":35},"end":{"line":5,"column":1}}}},"branchMap":{},"s":{"0":1,"1":2,"2":2,"3":2,"4":1},"f":{"0":2},"b":{}}
,"/Users/davidcrawford/Documents/bravo-discord-bot/src/commands/help/generateHelpMessage.ts": {"path":"/Users/davidcrawford/Documents/bravo-discord-bot/src/commands/help/generateHelpMessage.ts","statementMap":{"0":{"start":{"line":1,"column":0},"end":{"line":1,"column":46}},"1":{"start":{"line":2,"column":0},"end":{"line":2,"column":46}},"2":{"start":{"line":3,"column":0},"end":{"line":3,"column":44}},"3":{"start":{"line":4,"column":0},"end":{"line":4,"column":44}},"4":{"start":{"line":5,"column":0},"end":{"line":5,"column":43}},"5":{"start":{"line":7,"column":35},"end":{"line":14,"column":1}},"6":{"start":{"line":8,"column":24},"end":{"line":8,"column":106}},"7":{"start":{"line":9,"column":4},"end":{"line":9,"column":null}},"8":{"start":{"line":10,"column":4},"end":{"line":10,"column":null}},"9":{"start":{"line":11,"column":4},"end":{"line":11,"column":null}},"10":{"start":{"line":12,"column":4},"end":{"line":12,"column":null}},"11":{"start":{"line":13,"column":4},"end":{"line":13,"column":25}},"12":{"start":{"line":7,"column":13},"end":{"line":7,"column":35}}},"fnMap":{"0":{"name":"(anonymous_1)","decl":{"start":{"line":7,"column":35},"end":{"line":7,"column":46}},"loc":{"start":{"line":7,"column":48},"end":{"line":14,"column":1}}}},"branchMap":{},"s":{"0":1,"1":1,"2":1,"3":1,"4":1,"5":1,"6":2,"7":2,"8":2,"9":2,"10":2,"11":2,"12":1},"f":{"0":2},"b":{}}
,"/Users/davidcrawford/Documents/bravo-discord-bot/src/commands/jobs/getJobs.ts": {"path":"/Users/davidcrawford/Documents/bravo-discord-bot/src/commands/jobs/getJobs.ts","statementMap":{"0":{"start":{"line":1,"column":0},"end":{"line":1,"column":40}},"1":{"start":{"line":7,"column":23},"end":{"line":37,"column":1}},"2":{"start":{"line":8,"column":23},"end":{"line":8,"column":28}},"3":{"start":{"line":9,"column":16},"end":{"line":9,"column":30}},"4":{"start":{"line":10,"column":18},"end":{"line":10,"column":34}},"5":{"start":{"line":11,"column":22},"end":{"line":11,"column":27}},"6":{"start":{"line":13,"column":16},"end":{"line":13,"column":49}},"7":{"start":{"line":15,"column":19},"end":{"line":35,"column":5}},"8":{"start":{"line":16,"column":40},"end":{"line":16,"column":143}},"9":{"start":{"line":17,"column":25},"end":{"line":17,"column":39}},"10":{"start":{"line":18,"column":20},"end":{"line":18,"column":44}},"11":{"start":{"line":19,"column":25},"end":{"line":19,"column":89}},"12":{"start":{"line":21,"column":8},"end":{"line":30,"column":11}},"13":{"start":{"line":22,"column":25},"end":{"line":22,"column":63}},"14":{"start":{"line":23,"column":12},"end":{"line":29,"column":null}},"15":{"start":{"line":24,"column":16},"end":{"line":26,"column":null}},"16":{"start":{"line":25,"column":20},"end":{"line":25,"column":null}},"17":{"start":{"line":28,"column":16},"end":{"line":28,"column":null}},"18":{"start":{"line":31,"column":8},"end":{"line":33,"column":null}},"19":{"start":{"line":32,"column":12},"end":{"line":32,"column":null}},"20":{"start":{"line":34,"column":8},"end":{"line":34,"column":38}},"21":{"start":{"line":36,"column":4},"end":{"line":36,"column":20}},"22":{"start":{"line":7,"column":13},"end":{"line":7,"column":23}}},"fnMap":{"0":{"name":"(anonymous_0)","decl":{"start":{"line":7,"column":23},"end":{"line":7,"column":28}},"loc":{"start":{"line":7,"column":49},"end":{"line":37,"column":1}}},"1":{"name":"(anonymous_1)","decl":{"start":{"line":15,"column":19},"end":{"line":15,"column":24}},"loc":{"start":{"line":15,"column":30},"end":{"line":35,"column":5}}},"2":{"name":"(anonymous_2)","decl":{"start":{"line":21,"column":25},"end":{"line":21,"column":29}},"loc":{"start":{"line":21,"column":32},"end":{"line":30,"column":9}}}},"branchMap":{"0":{"loc":{"start":{"line":16,"column":86},"end":{"line":16,"column":92}},"type":"binary-expr","locations":[{"start":{"line":16,"column":86},"end":{"line":16,"column":92}},{"start":{"line":16,"column":96},"end":{"line":16,"column":123}},{"start":{"line":16,"column":127},"end":{"line":16,"column":129}}]},"1":{"loc":{"start":{"line":23,"column":12},"end":{"line":29,"column":null}},"type":"if","locations":[{"start":{"line":23,"column":12},"end":{"line":29,"column":null}},{"start":{"line":23,"column":12},"end":{"line":29,"column":null}}]},"2":{"loc":{"start":{"line":24,"column":16},"end":{"line":26,"column":null}},"type":"if","locations":[{"start":{"line":24,"column":16},"end":{"line":26,"column":null}},{"start":{"line":24,"column":16},"end":{"line":26,"column":null}}]},"3":{"loc":{"start":{"line":31,"column":8},"end":{"line":33,"column":null}},"type":"if","locations":[{"start":{"line":31,"column":8},"end":{"line":33,"column":null}},{"start":{"line":31,"column":8},"end":{"line":33,"column":null}}]},"4":{"loc":{"start":{"line":32,"column":85},"end":{"line":32,"column":91}},"type":"binary-expr","locations":[{"start":{"line":32,"column":85},"end":{"line":32,"column":91}},{"start":{"line":32,"column":95},"end":{"line":32,"column":111}},{"start":{"line":32,"column":115},"end":{"line":32,"column":117}}]},"5":{"loc":{"start":{"line":32,"column":158},"end":{"line":32,"column":160}},"type":"cond-expr","locations":[{"start":{"line":32,"column":158},"end":{"line":32,"column":160}},{"start":{"line":32,"column":163},"end":{"line":32,"column":166}}]}},"s":{"0":1,"1":1,"2":8,"3":8,"4":8,"5":8,"6":8,"7":8,"8":8,"9":8,"10":8,"11":8,"12":8,"13":12,"14":12,"15":5,"16":3,"17":7,"18":8,"19":6,"20":8,"21":8,"22":1},"f":{"0":8,"1":8,"2":12},"b":{"0":[8,3,5],"1":[5,7],"2":[3,2],"3":[6,2],"4":[6,2,4],"5":[2,4]}}
,"/Users/davidcrawford/Documents/bravo-discord-bot/src/commands/jobs/isJobLink.ts": {"path":"/Users/davidcrawford/Documents/bravo-discord-bot/src/commands/jobs/isJobLink.ts","statementMap":{"0":{"start":{"line":6,"column":25},"end":{"line":9,"column":1}},"1":{"start":{"line":7,"column":4},"end":{"line":7,"column":null}},"2":{"start":{"line":7,"column":40},"end":{"line":7,"column":54}},"3":{"start":{"line":8,"column":4},"end":{"line":8,"column":38}},"4":{"start":{"line":6,"column":13},"end":{"line":6,"column":25}}},"fnMap":{"0":{"name":"(anonymous_0)","decl":{"start":{"line":6,"column":25},"end":{"line":6,"column":26}},"loc":{"start":{"line":6,"column":41},"end":{"line":9,"column":1}}}},"branchMap":{"0":{"loc":{"start":{"line":7,"column":4},"end":{"line":7,"column":null}},"type":"if","locations":[{"start":{"line":7,"column":4},"end":{"line":7,"column":null}},{"start":{"line":7,"column":4},"end":{"line":7,"column":null}}]}},"s":{"0":1,"1":15,"2":1,"3":14,"4":1},"f":{"0":15},"b":{"0":[1,14]}}
,"/Users/davidcrawford/Documents/bravo-discord-bot/src/commands/puppies/getRandomPuppy.ts": {"path":"/Users/davidcrawford/Documents/bravo-discord-bot/src/commands/puppies/getRandomPuppy.ts","statementMap":{"0":{"start":{"line":1,"column":0},"end":{"line":1,"column":38}},"1":{"start":{"line":3,"column":30},"end":{"line":8,"column":1}},"2":{"start":{"line":4,"column":16},"end":{"line":4,"column":46}},"3":{"start":{"line":5,"column":14},"end":{"line":5,"column":57}},"4":{"start":{"line":6,"column":24},"end":{"line":6,"column":35}},"5":{"start":{"line":7,"column":4},"end":{"line":7,"column":38}},"6":{"start":{"line":3,"column":13},"end":{"line":3,"column":30}}},"fnMap":{"0":{"name":"(anonymous_0)","decl":{"start":{"line":3,"column":30},"end":{"line":3,"column":33}},"loc":{"start":{"line":3,"column":35},"end":{"line":8,"column":1}}}},"branchMap":{},"s":{"0":1,"1":1,"2":2,"3":2,"4":2,"5":2,"6":1},"f":{"0":2},"b":{}}
,"/Users/davidcrawford/Documents/bravo-discord-bot/src/commands/puppies/puppyIds.ts": {"path":"/Users/davidcrawford/Documents/bravo-discord-bot/src/commands/puppies/puppyIds.ts","statementMap":{"0":{"start":{"line":1,"column":13},"end":{"line":128,"column":null}}},"fnMap":{},"branchMap":{},"s":{"0":1},"f":{},"b":{}}
,"/Users/davidcrawford/Documents/bravo-discord-bot/src/config/botConfig.ts": {"path":"/Users/davidcrawford/Documents/bravo-discord-bot/src/config/botConfig.ts","statementMap":{"0":{"start":{"line":6,"column":26},"end":{"line":8,"column":2}},"1":{"start":{"line":10,"column":0},"end":{"line":10,"column":22}}},"fnMap":{},"branchMap":{},"s":{"0":1,"1":1},"f":{},"b":{}}
,"/Users/davidcrawford/Documents/bravo-discord-bot/src/models/commandParser.ts": {"path":"/Users/davidcrawford/Documents/bravo-discord-bot/src/models/commandParser.ts","statementMap":{"0":{"start":{"line":13,"column":4},"end":{"line":13,"column":32}},"1":{"start":{"line":14,"column":25},"end":{"line":14,"column":81}},"2":{"start":{"line":15,"column":24},"end":{"line":15,"column":50}},"3":{"start":{"line":16,"column":4},"end":{"line":16,"column":55}},"4":{"start":{"line":17,"column":4},"end":{"line":17,"column":29}},"5":{"start":{"line":18,"column":4},"end":{"line":18,"column":35}},"6":{"start":{"line":4,"column":0},"end":{"line":4,"column":13}}},"fnMap":{"0":{"name":"(anonymous_0)","decl":{"start":{"line":11,"column":2},"end":{"line":11,"column":14}},"loc":{"start":{"line":11,"column":46},"end":{"line":19,"column":3}}}},"branchMap":{"0":{"loc":{"start":{"line":15,"column":24},"end":{"line":15,"column":44}},"type":"binary-expr","locations":[{"start":{"line":15,"column":24},"end":{"line":15,"column":44}},{"start":{"line":15,"column":48},"end":{"line":15,"column":50}}]}},"s":{"0":3,"1":3,"2":3,"3":3,"4":3,"5":3,"6":1},"f":{"0":3},"b":{"0":[3,1]}}
}
