TN:
SF:src/commands/greetCommand.ts
FN:8,(anonymous_0)
FN:12,(anonymous_1)
FNF:2
FNH:2
FNDA:3,(anonymous_0)
FNDA:1,(anonymous_1)
DA:3,1
DA:5,1
DA:6,4
DA:9,3
DA:13,1
LF:5
LH:5
BRF:0
BRH:0
end_of_record
TN:
SF:src/commands/helpCommand.ts
FN:8,(anonymous_0)
FN:12,(anonymous_1)
FNF:2
FNH:2
FNDA:3,(anonymous_0)
FNDA:1,(anonymous_1)
DA:3,1
DA:5,1
DA:6,4
DA:9,3
DA:13,1
LF:5
LH:5
BRF:0
BRH:0
end_of_record
TN:
SF:src/commands/jobsCommand.ts
FN:10,(anonymous_1)
FN:14,(anonymous_2)
FNF:2
FNH:2
FNDA:3,(anonymous_1)
FNDA:3,(anonymous_2)
DA:3,1
DA:4,1
DA:5,1
DA:7,1
DA:8,5
DA:11,3
DA:15,3
DA:16,3
DA:17,3
DA:18,1
DA:20,3
LF:11
LH:11
BRDA:17,0,0,1
BRDA:17,0,1,2
BRF:2
BRH:2
end_of_record
TN:
SF:src/commands/puppyCommand.ts
FN:8,(anonymous_0)
FN:12,(anonymous_1)
FNF:2
FNH:2
FNDA:3,(anonymous_0)
FNDA:1,(anonymous_1)
DA:3,1
DA:5,1
DA:6,4
DA:9,3
DA:13,1
LF:5
LH:5
BRF:0
BRH:0
end_of_record
TN:
SF:src/commands/windowCommand.ts
FN:7,(anonymous_0)
FN:11,(anonymous_1)
FN:16,(anonymous_2)
FNF:3
FNH:3
FNDA:1,(anonymous_0)
FNDA:1,(anonymous_1)
FNDA:2,(anonymous_2)
DA:4,1
DA:5,2
DA:8,1
DA:12,1
DA:16,1
DA:17,2
LF:6
LH:6
BRF:0
BRH:0
end_of_record
TN:
SF:src/commands/greet/randomGreeting.ts
FN:1,(anonymous_0)
FNF:1
FNH:1
FNDA:2,(anonymous_0)
DA:1,1
DA:2,2
DA:3,2
DA:4,2
LF:4
LH:4
BRF:0
BRH:0
end_of_record
TN:
SF:src/commands/help/generateHelpMessage.ts
FN:7,(anonymous_1)
FNF:1
FNH:1
FNDA:2,(anonymous_1)
DA:1,1
DA:2,1
DA:3,1
DA:4,1
DA:5,1
DA:7,1
DA:8,2
DA:9,2
DA:10,2
DA:11,2
DA:12,2
DA:13,2
LF:12
LH:12
BRF:0
BRH:0
end_of_record
TN:
SF:src/commands/jobs/getJobs.ts
FN:7,(anonymous_0)
FN:15,(anonymous_1)
FN:21,(anonymous_2)
FNF:3
FNH:3
FNDA:8,(anonymous_0)
FNDA:8,(anonymous_1)
FNDA:12,(anonymous_2)
DA:1,1
DA:7,1
DA:8,8
DA:9,8
DA:10,8
DA:11,8
DA:13,8
DA:15,8
DA:16,8
DA:17,8
DA:18,8
DA:19,8
DA:21,8
DA:22,12
DA:23,12
DA:24,5
DA:25,3
DA:28,7
DA:31,8
DA:32,6
DA:34,8
DA:36,8
LF:22
LH:22
BRDA:16,0,0,8
BRDA:16,0,1,3
BRDA:16,0,2,5
BRDA:23,1,0,5
BRDA:23,1,1,7
BRDA:24,2,0,3
BRDA:24,2,1,2
BRDA:31,3,0,6
BRDA:31,3,1,2
BRDA:32,4,0,6
BRDA:32,4,1,2
BRDA:32,4,2,4
BRDA:32,5,0,2
BRDA:32,5,1,4
BRF:14
BRH:14
end_of_record
TN:
SF:src/commands/jobs/isJobLink.ts
FN:6,(anonymous_0)
FNF:1
FNH:1
FNDA:15,(anonymous_0)
DA:6,1
DA:7,15
DA:8,14
LF:3
LH:3
BRDA:7,0,0,1
BRDA:7,0,1,14
BRF:2
BRH:2
end_of_record
TN:
SF:src/commands/puppies/getRandomPuppy.ts
FN:3,(anonymous_0)
FNF:1
FNH:1
FNDA:2,(anonymous_0)
DA:1,1
DA:3,1
DA:4,2
DA:5,2
DA:6,2
DA:7,2
LF:6
LH:6
BRF:0
BRH:0
end_of_record
TN:
SF:src/commands/puppies/puppyIds.ts
FNF:0
FNH:0
DA:1,1
LF:1
LH:1
BRF:0
BRH:0
end_of_record
TN:
SF:src/config/botConfig.ts
FNF:0
FNH:0
DA:6,1
DA:10,1
LF:2
LH:2
BRF:0
BRH:0
end_of_record
TN:
SF:src/models/commandParser.ts
FN:11,(anonymous_0)
FNF:1
FNH:1
FNDA:3,(anonymous_0)
DA:4,1
DA:13,3
DA:14,3
DA:15,3
DA:16,3
DA:17,3
DA:18,3
LF:7
LH:7
BRDA:15,0,0,3
BRDA:15,0,1,1
BRF:2
BRH:2
end_of_record
